Started by user khang
Running as SYSTEM
Building in workspace /var/jenkins_home/workspace/upj4Job
[WS-CLEANUP] Deleting project workspace...
[WS-CLEANUP] Deferred wipeout is used...
[WS-CLEANUP] Done
The recommended git tool is: NONE
using credential 414bce58-c348-4a46-be53-ba4f42a2f534
Cloning the remote Git repository
Cloning repository https://github.com/dor610/udacity-java-web-pj4
 > git init /var/jenkins_home/workspace/upj4Job # timeout=10
Fetching upstream changes from https://github.com/dor610/udacity-java-web-pj4
 > git --version # timeout=10
 > git --version # 'git version 2.36.2'
using GIT_SSH to set credentials 
Verifying host key using known hosts file
You're using 'Known hosts file' strategy to verify ssh host keys, but your known_hosts file does not exist, please go to 'Manage Jenkins' -> 'Security' -> 'Git Host Key Verification Configuration' and configure host key verification.
 > git fetch --tags --force --progress -- https://github.com/dor610/udacity-java-web-pj4 +refs/heads/*:refs/remotes/origin/* # timeout=10
 > git config remote.origin.url https://github.com/dor610/udacity-java-web-pj4 # timeout=10
 > git config --add remote.origin.fetch +refs/heads/*:refs/remotes/origin/* # timeout=10
Avoid second fetch
 > git rev-parse refs/remotes/origin/master^{commit} # timeout=10
Checking out Revision 724fbab5503a94c1d48057849bf9a1f8da450744 (refs/remotes/origin/master)
 > git config core.sparsecheckout # timeout=10
 > git checkout -f 724fbab5503a94c1d48057849bf9a1f8da450744 # timeout=10
Commit message: "fix bug"
 > git rev-list --no-walk 724fbab5503a94c1d48057849bf9a1f8da450744 # timeout=10
[upj4Job] $ mvn -f starter_code/pom.xml clean compile package
[INFO] Scanning for projects...
[INFO] 
[INFO] ----------------------< com.example:auth-course >-----------------------
[INFO] Building auth-course 0.0.1-SNAPSHOT
[INFO] --------------------------------[ war ]---------------------------------
[INFO] 
[INFO] --- maven-clean-plugin:3.1.0:clean (default-clean) @ auth-course ---
[INFO] Deleting /var/jenkins_home/workspace/upj4Job/starter_code/target
[INFO] 
[INFO] --- maven-resources-plugin:3.1.0:resources (default-resources) @ auth-course ---
[INFO] Using 'UTF-8' encoding to copy filtered resources.
[INFO] Copying 1 resource
[INFO] Copying 1 resource
[INFO] 
[INFO] --- maven-compiler-plugin:3.8.1:compile (default-compile) @ auth-course ---
[INFO] Changes detected - recompiling the module!
[INFO] Compiling 21 source files to /var/jenkins_home/workspace/upj4Job/starter_code/target/classes
[INFO] 
[INFO] --- maven-resources-plugin:3.1.0:resources (default-resources) @ auth-course ---
[INFO] Using 'UTF-8' encoding to copy filtered resources.
[INFO] Copying 1 resource
[INFO] Copying 1 resource
[INFO] 
[INFO] --- maven-compiler-plugin:3.8.1:compile (default-compile) @ auth-course ---
[INFO] Changes detected - recompiling the module!
[INFO] Compiling 21 source files to /var/jenkins_home/workspace/upj4Job/starter_code/target/classes
[INFO] 
[INFO] --- maven-resources-plugin:3.1.0:testResources (default-testResources) @ auth-course ---
[INFO] Using 'UTF-8' encoding to copy filtered resources.
[INFO] skip non existing resourceDirectory /var/jenkins_home/workspace/upj4Job/starter_code/src/test/resources
[INFO] 
[INFO] --- maven-compiler-plugin:3.8.1:testCompile (default-testCompile) @ auth-course ---
[INFO] Changes detected - recompiling the module!
[INFO] Compiling 7 source files to /var/jenkins_home/workspace/upj4Job/starter_code/target/test-classes
[INFO] 
[INFO] --- maven-surefire-plugin:2.22.2:test (default-test) @ auth-course ---
[INFO] 
[INFO] -------------------------------------------------------
[INFO]  T E S T S
[INFO] -------------------------------------------------------
[INFO] Running com.example.demo.SareetaApplicationTests
14:31:08.757 [main] DEBUG org.springframework.test.context.junit4.SpringJUnit4ClassRunner - SpringJUnit4ClassRunner constructor called with [class com.example.demo.SareetaApplicationTests]
14:31:08.763 [main] DEBUG org.springframework.test.context.BootstrapUtils - Instantiating CacheAwareContextLoaderDelegate from class [org.springframework.test.context.cache.DefaultCacheAwareContextLoaderDelegate]
14:31:08.774 [main] DEBUG org.springframework.test.context.BootstrapUtils - Instantiating BootstrapContext using constructor [public org.springframework.test.context.support.DefaultBootstrapContext(java.lang.Class,org.springframework.test.context.CacheAwareContextLoaderDelegate)]
14:31:08.795 [main] DEBUG org.springframework.test.context.BootstrapUtils - Instantiating TestContextBootstrapper for test class [com.example.demo.SareetaApplicationTests] from class [org.springframework.boot.test.context.SpringBootTestContextBootstrapper]
14:31:08.812 [main] INFO org.springframework.boot.test.context.SpringBootTestContextBootstrapper - Neither @ContextConfiguration nor @ContextHierarchy found for test class [com.example.demo.SareetaApplicationTests], using SpringBootContextLoader
14:31:08.816 [main] DEBUG org.springframework.test.context.support.AbstractContextLoader - Did not detect default resource location for test class [com.example.demo.SareetaApplicationTests]: class path resource [com/example/demo/SareetaApplicationTests-context.xml] does not exist
14:31:08.822 [main] DEBUG org.springframework.test.context.support.AbstractContextLoader - Did not detect default resource location for test class [com.example.demo.SareetaApplicationTests]: class path resource [com/example/demo/SareetaApplicationTestsContext.groovy] does not exist
14:31:08.822 [main] INFO org.springframework.test.context.support.AbstractContextLoader - Could not detect default resource locations for test class [com.example.demo.SareetaApplicationTests]: no resource found for suffixes {-context.xml, Context.groovy}.
14:31:08.824 [main] INFO org.springframework.test.context.support.AnnotationConfigContextLoaderUtils - Could not detect default configuration classes for test class [com.example.demo.SareetaApplicationTests]: SareetaApplicationTests does not declare any static, non-private, non-final, nested classes annotated with @Configuration.
14:31:08.869 [main] DEBUG org.springframework.test.context.support.ActiveProfilesUtils - Could not find an 'annotation declaring class' for annotation type [org.springframework.test.context.ActiveProfiles] and class [com.example.demo.SareetaApplicationTests]
14:31:08.947 [main] DEBUG org.springframework.context.annotation.ClassPathScanningCandidateComponentProvider - Identified candidate component class: file [/var/jenkins_home/workspace/upj4Job/starter_code/target/classes/com/example/demo/SareetaApplication.class]
14:31:08.949 [main] INFO org.springframework.boot.test.context.SpringBootTestContextBootstrapper - Found @SpringBootConfiguration com.example.demo.SareetaApplication for test class com.example.demo.SareetaApplicationTests
14:31:09.066 [main] DEBUG org.springframework.boot.test.context.SpringBootTestContextBootstrapper - @TestExecutionListeners is not present for class [com.example.demo.SareetaApplicationTests]: using defaults.
14:31:09.067 [main] INFO org.springframework.boot.test.context.SpringBootTestContextBootstrapper - Loaded default TestExecutionListener class names from location [META-INF/spring.factories]: [org.springframework.boot.test.mock.mockito.MockitoTestExecutionListener, org.springframework.boot.test.mock.mockito.ResetMocksTestExecutionListener, org.springframework.boot.test.autoconfigure.restdocs.RestDocsTestExecutionListener, org.springframework.boot.test.autoconfigure.web.client.MockRestServiceServerResetTestExecutionListener, org.springframework.boot.test.autoconfigure.web.servlet.MockMvcPrintOnlyOnFailureTestExecutionListener, org.springframework.boot.test.autoconfigure.web.servlet.WebDriverTestExecutionListener, org.springframework.test.context.web.ServletTestExecutionListener, org.springframework.test.context.support.DirtiesContextBeforeModesTestExecutionListener, org.springframework.test.context.support.DependencyInjectionTestExecutionListener, org.springframework.test.context.support.DirtiesContextTestExecutionListener, org.springframework.test.context.transaction.TransactionalTestExecutionListener, org.springframework.test.context.jdbc.SqlScriptsTestExecutionListener]
14:31:09.083 [main] INFO org.springframework.boot.test.context.SpringBootTestContextBootstrapper - Using TestExecutionListeners: [org.springframework.test.context.web.ServletTestExecutionListener@7cb502c, org.springframework.test.context.support.DirtiesContextBeforeModesTestExecutionListener@275bf9b3, org.springframework.boot.test.mock.mockito.MockitoTestExecutionListener@1b8a29df, org.springframework.boot.test.autoconfigure.SpringBootDependencyInjectionTestExecutionListener@4fbe37eb, org.springframework.test.context.support.DirtiesContextTestExecutionListener@12a94400, org.springframework.test.context.transaction.TransactionalTestExecutionListener@6a47b187, org.springframework.test.context.jdbc.SqlScriptsTestExecutionListener@2049a9c1, org.springframework.boot.test.mock.mockito.ResetMocksTestExecutionListener@1ef6d34c, org.springframework.boot.test.autoconfigure.restdocs.RestDocsTestExecutionListener@46271dd6, org.springframework.boot.test.autoconfigure.web.client.MockRestServiceServerResetTestExecutionListener@11bb571c, org.springframework.boot.test.autoconfigure.web.servlet.MockMvcPrintOnlyOnFailureTestExecutionListener@7c51f34b, org.springframework.boot.test.autoconfigure.web.servlet.WebDriverTestExecutionListener@5495333e]
14:31:09.085 [main] DEBUG org.springframework.test.annotation.ProfileValueUtils - Retrieved @ProfileValueSourceConfiguration [null] for test class [com.example.demo.SareetaApplicationTests]
14:31:09.085 [main] DEBUG org.springframework.test.annotation.ProfileValueUtils - Retrieved ProfileValueSource type [class org.springframework.test.annotation.SystemProfileValueSource] for class [com.example.demo.SareetaApplicationTests]
14:31:09.086 [main] DEBUG org.springframework.test.annotation.ProfileValueUtils - Retrieved @ProfileValueSourceConfiguration [null] for test class [com.example.demo.SareetaApplicationTests]
14:31:09.086 [main] DEBUG org.springframework.test.annotation.ProfileValueUtils - Retrieved ProfileValueSource type [class org.springframework.test.annotation.SystemProfileValueSource] for class [com.example.demo.SareetaApplicationTests]
14:31:09.087 [main] DEBUG org.springframework.test.annotation.ProfileValueUtils - Retrieved @ProfileValueSourceConfiguration [null] for test class [com.example.demo.SareetaApplicationTests]
14:31:09.087 [main] DEBUG org.springframework.test.annotation.ProfileValueUtils - Retrieved ProfileValueSource type [class org.springframework.test.annotation.SystemProfileValueSource] for class [com.example.demo.SareetaApplicationTests]
14:31:09.091 [main] DEBUG org.springframework.test.context.support.AbstractDirtiesContextTestExecutionListener - Before test class: context [DefaultTestContext@16b2bb0c testClass = SareetaApplicationTests, testInstance = [null], testMethod = [null], testException = [null], mergedContextConfiguration = [WebMergedContextConfiguration@327af41b testClass = SareetaApplicationTests, locations = '{}', classes = '{class com.example.demo.SareetaApplication}', contextInitializerClasses = '[]', activeProfiles = '{}', propertySourceLocations = '{}', propertySourceProperties = '{org.springframework.boot.test.context.SpringBootTestContextBootstrapper=true}', contextCustomizers = set[org.springframework.boot.test.context.filter.ExcludeFilterContextCustomizer@394a2528, org.springframework.boot.test.json.DuplicateJsonObjectContextCustomizerFactory$DuplicateJsonObjectContextCustomizer@fa36558, org.springframework.boot.test.mock.mockito.MockitoContextCustomizer@0, org.springframework.boot.test.web.client.TestRestTemplateContextCustomizer@574b560f, org.springframework.boot.test.autoconfigure.properties.PropertyMappingContextCustomizer@0, org.springframework.boot.test.autoconfigure.web.servlet.WebDriverContextCustomizerFactory$Customizer@2cdd0d4b], resourceBasePath = 'src/main/webapp', contextLoader = 'org.springframework.boot.test.context.SpringBootContextLoader', parent = [null]], attributes = map['org.springframework.test.context.web.ServletTestExecutionListener.activateListener' -> true]], class annotated with @DirtiesContext [false] with mode [null].
14:31:09.092 [main] DEBUG org.springframework.test.annotation.ProfileValueUtils - Retrieved @ProfileValueSourceConfiguration [null] for test class [com.example.demo.SareetaApplicationTests]
14:31:09.092 [main] DEBUG org.springframework.test.annotation.ProfileValueUtils - Retrieved ProfileValueSource type [class org.springframework.test.annotation.SystemProfileValueSource] for class [com.example.demo.SareetaApplicationTests]
14:31:09.114 [main] DEBUG org.springframework.test.context.support.TestPropertySourceUtils - Adding inlined properties to environment: {spring.jmx.enabled=false, org.springframework.boot.test.context.SpringBootTestContextBootstrapper=true, server.port=-1}

  .   ____          _            __ _ _
 /\\ / ___'_ __ _ _(_)_ __  __ _ \ \ \ \
( ( )\___ | '_ | '_| | '_ \/ _` | \ \ \ \
 \\/  ___)| |_)| | | | | || (_| |  ) ) ) )
  '  |____| .__|_| |_|_| |_\__, | / / / /
 =========|_|==============|___/=/_/_/_/
 :: Spring Boot ::        (v2.1.5.RELEASE)

2023-09-30 14:31:09.647  INFO 4476 --- [           main] c.example.demo.SareetaApplicationTests   : Starting SareetaApplicationTests on b29e82e9abce with PID 4476 (started by root in /var/jenkins_home/workspace/upj4Job/starter_code)
2023-09-30 14:31:09.649  INFO 4476 --- [           main] c.example.demo.SareetaApplicationTests   : No active profile set, falling back to default profiles: default
2023-09-30 14:31:10.748  INFO 4476 --- [           main] .s.d.r.c.RepositoryConfigurationDelegate : Bootstrapping Spring Data repositories in DEFAULT mode.
2023-09-30 14:31:10.903  INFO 4476 --- [           main] .s.d.r.c.RepositoryConfigurationDelegate : Finished Spring Data repository scanning in 132ms. Found 4 repository interfaces.
2023-09-30 14:31:11.796  INFO 4476 --- [           main] trationDelegate$BeanPostProcessorChecker : Bean 'org.springframework.transaction.annotation.ProxyTransactionManagementConfiguration' of type [org.springframework.transaction.annotation.ProxyTransactionManagementConfiguration$$EnhancerBySpringCGLIB$$ffb7e7b3] is not eligible for getting processed by all BeanPostProcessors (for example: not eligible for auto-proxying)
2023-09-30 14:31:11.867  INFO 4476 --- [           main] trationDelegate$BeanPostProcessorChecker : Bean 'org.springframework.security.config.annotation.configuration.ObjectPostProcessorConfiguration' of type [org.springframework.security.config.annotation.configuration.ObjectPostProcessorConfiguration$$EnhancerBySpringCGLIB$$9865afed] is not eligible for getting processed by all BeanPostProcessors (for example: not eligible for auto-proxying)
2023-09-30 14:31:11.876  INFO 4476 --- [           main] trationDelegate$BeanPostProcessorChecker : Bean 'objectPostProcessor' of type [org.springframework.security.config.annotation.configuration.AutowireBeanFactoryObjectPostProcessor] is not eligible for getting processed by all BeanPostProcessors (for example: not eligible for auto-proxying)
2023-09-30 14:31:11.878  INFO 4476 --- [           main] trationDelegate$BeanPostProcessorChecker : Bean 'org.springframework.security.access.expression.method.DefaultMethodSecurityExpressionHandler@5d2828c9' of type [org.springframework.security.access.expression.method.DefaultMethodSecurityExpressionHandler] is not eligible for getting processed by all BeanPostProcessors (for example: not eligible for auto-proxying)
2023-09-30 14:31:11.883  INFO 4476 --- [           main] trationDelegate$BeanPostProcessorChecker : Bean 'org.springframework.security.config.annotation.method.configuration.GlobalMethodSecurityConfiguration' of type [org.springframework.security.config.annotation.method.configuration.GlobalMethodSecurityConfiguration$$EnhancerBySpringCGLIB$$bd3a529f] is not eligible for getting processed by all BeanPostProcessors (for example: not eligible for auto-proxying)
2023-09-30 14:31:11.893  INFO 4476 --- [           main] trationDelegate$BeanPostProcessorChecker : Bean 'org.springframework.security.config.annotation.method.configuration.Jsr250MetadataSourceConfiguration' of type [org.springframework.security.config.annotation.method.configuration.Jsr250MetadataSourceConfiguration$$EnhancerBySpringCGLIB$$e28f6ab5] is not eligible for getting processed by all BeanPostProcessors (for example: not eligible for auto-proxying)
2023-09-30 14:31:11.899  INFO 4476 --- [           main] trationDelegate$BeanPostProcessorChecker : Bean 'jsr250MethodSecurityMetadataSource' of type [org.springframework.security.access.annotation.Jsr250MethodSecurityMetadataSource] is not eligible for getting processed by all BeanPostProcessors (for example: not eligible for auto-proxying)
2023-09-30 14:31:11.903  INFO 4476 --- [           main] trationDelegate$BeanPostProcessorChecker : Bean 'methodSecurityMetadataSource' of type [org.springframework.security.access.method.DelegatingMethodSecurityMetadataSource] is not eligible for getting processed by all BeanPostProcessors (for example: not eligible for auto-proxying)
2023-09-30 14:31:12.171  INFO 4476 --- [           main] com.zaxxer.hikari.HikariDataSource       : HikariPool-1 - Starting...
2023-09-30 14:31:12.388  INFO 4476 --- [           main] com.zaxxer.hikari.HikariDataSource       : HikariPool-1 - Start completed.
2023-09-30 14:31:12.460  INFO 4476 --- [           main] o.hibernate.jpa.internal.util.LogHelper  : HHH000204: Processing PersistenceUnitInfo [
	name: default
	...]
2023-09-30 14:31:12.537  INFO 4476 --- [           main] org.hibernate.Version                    : HHH000412: Hibernate Core {5.3.10.Final}
2023-09-30 14:31:12.538  INFO 4476 --- [           main] org.hibernate.cfg.Environment            : HHH000206: hibernate.properties not found
2023-09-30 14:31:12.710  INFO 4476 --- [           main] o.hibernate.annotations.common.Version   : HCANN000001: Hibernate Commons Annotations {5.0.4.Final}
2023-09-30 14:31:12.877  INFO 4476 --- [           main] org.hibernate.dialect.Dialect            : HHH000400: Using dialect: org.hibernate.dialect.H2Dialect
2023-09-30 14:31:13.873  INFO 4476 --- [           main] j.LocalContainerEntityManagerFactoryBean : Initialized JPA EntityManagerFactory for persistence unit 'default'
2023-09-30 14:31:15.018  WARN 4476 --- [           main] aWebConfiguration$JpaWebMvcConfiguration : spring.jpa.open-in-view is enabled by default. Therefore, database queries may be performed during view rendering. Explicitly configure spring.jpa.open-in-view to disable this warning
2023-09-30 14:31:15.168  INFO 4476 --- [           main] o.s.s.web.DefaultSecurityFilterChain     : Creating filter chain: any request, [org.springframework.security.web.context.request.async.WebAsyncManagerIntegrationFilter@770cbe5d, org.springframework.security.web.context.SecurityContextPersistenceFilter@67689c81, org.springframework.security.web.header.HeaderWriterFilter@1d6a22dd, org.springframework.web.filter.CorsFilter@f575d2b, org.springframework.security.web.authentication.logout.LogoutFilter@55a66bbf, com.example.demo.config.jwt.JWTAuthenticationFilter@4d90d91f, com.example.demo.config.jwt.JWTAuthenticationVerificationFilter@c478e4e, org.springframework.security.web.savedrequest.RequestCacheAwareFilter@56d742ad, org.springframework.security.web.servletapi.SecurityContextHolderAwareRequestFilter@7aca299e, org.springframework.security.web.authentication.AnonymousAuthenticationFilter@1e2b37cd, org.springframework.security.web.session.SessionManagementFilter@6e6f5842, org.springframework.security.web.access.ExceptionTranslationFilter@53a16dd6, org.springframework.security.web.access.intercept.FilterSecurityInterceptor@72b53f27]
2023-09-30 14:31:15.708  INFO 4476 --- [           main] o.s.s.concurrent.ThreadPoolTaskExecutor  : Initializing ExecutorService 'applicationTaskExecutor'
2023-09-30 14:31:16.099  INFO 4476 --- [           main] c.example.demo.SareetaApplicationTests   : Started SareetaApplicationTests in 6.976 seconds (JVM running for 8.09)
[INFO] Tests run: 1, Failures: 0, Errors: 0, Skipped: 0, Time elapsed: 7.644 s - in com.example.demo.SareetaApplicationTests
[INFO] Running com.example.demo.api.UserControllerTest
2023-09-30 14:31:16.225  INFO 4476 --- [           main] .b.t.c.SpringBootTestContextBootstrapper : Neither @ContextConfiguration nor @ContextHierarchy found for test class [com.example.demo.api.UserControllerTest], using SpringBootContextLoader
2023-09-30 14:31:16.230  INFO 4476 --- [           main] o.s.t.c.support.AbstractContextLoader    : Could not detect default resource locations for test class [com.example.demo.api.UserControllerTest]: no resource found for suffixes {-context.xml, Context.groovy}.
2023-09-30 14:31:16.230  INFO 4476 --- [           main] t.c.s.AnnotationConfigContextLoaderUtils : Could not detect default configuration classes for test class [com.example.demo.api.UserControllerTest]: UserControllerTest does not declare any static, non-private, non-final, nested classes annotated with @Configuration.
2023-09-30 14:31:16.243  INFO 4476 --- [           main] .b.t.c.SpringBootTestContextBootstrapper : Found @SpringBootConfiguration com.example.demo.SareetaApplication for test class com.example.demo.api.UserControllerTest
2023-09-30 14:31:16.244  INFO 4476 --- [           main] .b.t.c.SpringBootTestContextBootstrapper : Loaded default TestExecutionListener class names from location [META-INF/spring.factories]: [org.springframework.boot.test.mock.mockito.MockitoTestExecutionListener, org.springframework.boot.test.mock.mockito.ResetMocksTestExecutionListener, org.springframework.boot.test.autoconfigure.restdocs.RestDocsTestExecutionListener, org.springframework.boot.test.autoconfigure.web.client.MockRestServiceServerResetTestExecutionListener, org.springframework.boot.test.autoconfigure.web.servlet.MockMvcPrintOnlyOnFailureTestExecutionListener, org.springframework.boot.test.autoconfigure.web.servlet.WebDriverTestExecutionListener, org.springframework.test.context.web.ServletTestExecutionListener, org.springframework.test.context.support.DirtiesContextBeforeModesTestExecutionListener, org.springframework.test.context.support.DependencyInjectionTestExecutionListener, org.springframework.test.context.support.DirtiesContextTestExecutionListener, org.springframework.test.context.transaction.TransactionalTestExecutionListener, org.springframework.test.context.jdbc.SqlScriptsTestExecutionListener]
2023-09-30 14:31:16.245  INFO 4476 --- [           main] .b.t.c.SpringBootTestContextBootstrapper : Using TestExecutionListeners: [org.springframework.test.context.web.ServletTestExecutionListener@2a0881f1, org.springframework.test.context.support.DirtiesContextBeforeModesTestExecutionListener@7a85454b, org.springframework.boot.test.mock.mockito.MockitoTestExecutionListener@3ecbfba1, org.springframework.boot.test.autoconfigure.SpringBootDependencyInjectionTestExecutionListener@739be7ec, org.springframework.test.context.support.DirtiesContextTestExecutionListener@1df2e767, org.springframework.test.context.transaction.TransactionalTestExecutionListener@4d0d568f, org.springframework.test.context.jdbc.SqlScriptsTestExecutionListener@2c7aba7c, org.springframework.boot.test.mock.mockito.ResetMocksTestExecutionListener@729c98, org.springframework.boot.test.autoconfigure.restdocs.RestDocsTestExecutionListener@a319a2e, org.springframework.boot.test.autoconfigure.web.client.MockRestServiceServerResetTestExecutionListener@2daf0cc9, org.springframework.boot.test.autoconfigure.web.servlet.MockMvcPrintOnlyOnFailureTestExecutionListener@54fffa5a, org.springframework.boot.test.autoconfigure.web.servlet.WebDriverTestExecutionListener@407d2a01]

  .   ____          _            __ _ _
 /\\ / ___'_ __ _ _(_)_ __  __ _ \ \ \ \
( ( )\___ | '_ | '_| | '_ \/ _` | \ \ \ \
 \\/  ___)| |_)| | | | | || (_| |  ) ) ) )
  '  |____| .__|_| |_|_| |_\__, | / / / /
 =========|_|==============|___/=/_/_/_/
 :: Spring Boot ::        (v2.1.5.RELEASE)

2023-09-30 14:31:16.283  INFO 4476 --- [           main] com.example.demo.api.UserControllerTest  : Starting UserControllerTest on b29e82e9abce with PID 4476 (started by root in /var/jenkins_home/workspace/upj4Job/starter_code)
2023-09-30 14:31:16.283  INFO 4476 --- [           main] com.example.demo.api.UserControllerTest  : No active profile set, falling back to default profiles: default
2023-09-30 14:31:16.535  INFO 4476 --- [           main] .s.d.r.c.RepositoryConfigurationDelegate : Bootstrapping Spring Data repositories in DEFAULT mode.
2023-09-30 14:31:16.548  INFO 4476 --- [           main] .s.d.r.c.RepositoryConfigurationDelegate : Finished Spring Data repository scanning in 12ms. Found 4 repository interfaces.
2023-09-30 14:31:16.663  INFO 4476 --- [           main] trationDelegate$BeanPostProcessorChecker : Bean 'org.springframework.transaction.annotation.ProxyTransactionManagementConfiguration' of type [org.springframework.transaction.annotation.ProxyTransactionManagementConfiguration$$EnhancerBySpringCGLIB$$ffb7e7b3] is not eligible for getting processed by all BeanPostProcessors (for example: not eligible for auto-proxying)
2023-09-30 14:31:16.680  INFO 4476 --- [           main] trationDelegate$BeanPostProcessorChecker : Bean 'org.springframework.security.config.annotation.configuration.ObjectPostProcessorConfiguration' of type [org.springframework.security.config.annotation.configuration.ObjectPostProcessorConfiguration$$EnhancerBySpringCGLIB$$9865afed] is not eligible for getting processed by all BeanPostProcessors (for example: not eligible for auto-proxying)
2023-09-30 14:31:16.686  INFO 4476 --- [           main] trationDelegate$BeanPostProcessorChecker : Bean 'objectPostProcessor' of type [org.springframework.security.config.annotation.configuration.AutowireBeanFactoryObjectPostProcessor] is not eligible for getting processed by all BeanPostProcessors (for example: not eligible for auto-proxying)
2023-09-30 14:31:16.694  INFO 4476 --- [           main] trationDelegate$BeanPostProcessorChecker : Bean 'org.springframework.security.access.expression.method.DefaultMethodSecurityExpressionHandler@52b7c1d9' of type [org.springframework.security.access.expression.method.DefaultMethodSecurityExpressionHandler] is not eligible for getting processed by all BeanPostProcessors (for example: not eligible for auto-proxying)
2023-09-30 14:31:16.698  INFO 4476 --- [           main] trationDelegate$BeanPostProcessorChecker : Bean 'org.springframework.security.config.annotation.method.configuration.GlobalMethodSecurityConfiguration' of type [org.springframework.security.config.annotation.method.configuration.GlobalMethodSecurityConfiguration$$EnhancerBySpringCGLIB$$bd3a529f] is not eligible for getting processed by all BeanPostProcessors (for example: not eligible for auto-proxying)
2023-09-30 14:31:16.706  INFO 4476 --- [           main] trationDelegate$BeanPostProcessorChecker : Bean 'org.springframework.security.config.annotation.method.configuration.Jsr250MetadataSourceConfiguration' of type [org.springframework.security.config.annotation.method.configuration.Jsr250MetadataSourceConfiguration$$EnhancerBySpringCGLIB$$e28f6ab5] is not eligible for getting processed by all BeanPostProcessors (for example: not eligible for auto-proxying)
2023-09-30 14:31:16.710  INFO 4476 --- [           main] trationDelegate$BeanPostProcessorChecker : Bean 'jsr250MethodSecurityMetadataSource' of type [org.springframework.security.access.annotation.Jsr250MethodSecurityMetadataSource] is not eligible for getting processed by all BeanPostProcessors (for example: not eligible for auto-proxying)
2023-09-30 14:31:16.712  INFO 4476 --- [           main] trationDelegate$BeanPostProcessorChecker : Bean 'methodSecurityMetadataSource' of type [org.springframework.security.access.method.DelegatingMethodSecurityMetadataSource] is not eligible for getting processed by all BeanPostProcessors (for example: not eligible for auto-proxying)
2023-09-30 14:31:16.929  INFO 4476 --- [           main] o.s.b.w.embedded.tomcat.TomcatWebServer  : Tomcat initialized with port(s): 0 (http)
2023-09-30 14:31:16.986  INFO 4476 --- [           main] o.apache.catalina.core.StandardService   : Starting service [Tomcat]
2023-09-30 14:31:16.989  INFO 4476 --- [           main] org.apache.catalina.core.StandardEngine  : Starting Servlet engine: [Apache Tomcat/9.0.19]
2023-09-30 14:31:17.130  INFO 4476 --- [           main] o.a.c.c.C.[Tomcat].[localhost].[/]       : Initializing Spring embedded WebApplicationContext
2023-09-30 14:31:17.130  INFO 4476 --- [           main] o.s.web.context.ContextLoader            : Root WebApplicationContext: initialization completed in 832 ms
2023-09-30 14:31:17.342  INFO 4476 --- [           main] com.zaxxer.hikari.HikariDataSource       : HikariPool-2 - Starting...
2023-09-30 14:31:17.343  INFO 4476 --- [           main] com.zaxxer.hikari.HikariDataSource       : HikariPool-2 - Start completed.
2023-09-30 14:31:17.361  INFO 4476 --- [           main] o.hibernate.jpa.internal.util.LogHelper  : HHH000204: Processing PersistenceUnitInfo [
	name: default
	...]
2023-09-30 14:31:17.370  INFO 4476 --- [           main] org.hibernate.dialect.Dialect            : HHH000400: Using dialect: org.hibernate.dialect.H2Dialect
2023-09-30 14:31:17.616  INFO 4476 --- [           main] j.LocalContainerEntityManagerFactoryBean : Initialized JPA EntityManagerFactory for persistence unit 'default'
2023-09-30 14:31:17.884  WARN 4476 --- [           main] aWebConfiguration$JpaWebMvcConfiguration : spring.jpa.open-in-view is enabled by default. Therefore, database queries may be performed during view rendering. Explicitly configure spring.jpa.open-in-view to disable this warning
2023-09-30 14:31:17.987  INFO 4476 --- [           main] o.s.s.web.DefaultSecurityFilterChain     : Creating filter chain: any request, [org.springframework.security.web.context.request.async.WebAsyncManagerIntegrationFilter@5d1907fb, org.springframework.security.web.context.SecurityContextPersistenceFilter@56e9126f, org.springframework.security.web.header.HeaderWriterFilter@23974cac, org.springframework.web.filter.CorsFilter@6079d219, org.springframework.security.web.authentication.logout.LogoutFilter@57eb2555, com.example.demo.config.jwt.JWTAuthenticationFilter@4ed90b04, com.example.demo.config.jwt.JWTAuthenticationVerificationFilter@686ace1f, org.springframework.security.web.savedrequest.RequestCacheAwareFilter@4e773b8a, org.springframework.security.web.servletapi.SecurityContextHolderAwareRequestFilter@579cfcc4, org.springframework.security.web.authentication.AnonymousAuthenticationFilter@7dd92a36, org.springframework.security.web.session.SessionManagementFilter@85104d6, org.springframework.security.web.access.ExceptionTranslationFilter@4e6add8d, org.springframework.security.web.access.intercept.FilterSecurityInterceptor@4e9d1119]
2023-09-30 14:31:18.153  INFO 4476 --- [           main] o.s.s.concurrent.ThreadPoolTaskExecutor  : Initializing ExecutorService 'applicationTaskExecutor'
2023-09-30 14:31:18.398  INFO 4476 --- [           main] o.s.b.w.embedded.tomcat.TomcatWebServer  : Tomcat started on port(s): 44147 (http) with context path ''
2023-09-30 14:31:18.410  INFO 4476 --- [           main] com.example.demo.api.UserControllerTest  : Started UserControllerTest in 2.153 seconds (JVM running for 10.401)
2023-09-30 14:31:18.620  INFO 4476 --- [o-auto-1-exec-1] o.a.c.c.C.[Tomcat].[localhost].[/]       : Initializing Spring DispatcherServlet 'dispatcherServlet'
2023-09-30 14:31:18.620  INFO 4476 --- [o-auto-1-exec-1] o.s.web.servlet.DispatcherServlet        : Initializing Servlet 'dispatcherServlet'
2023-09-30 14:31:18.638  INFO 4476 --- [o-auto-1-exec-1] o.s.web.servlet.DispatcherServlet        : Completed initialization in 18 ms
2023-09-30 14:31:19.119  INFO 4476 --- [o-auto-1-exec-2] o.h.h.i.QueryTranslatorFactoryInitiator  : HHH000397: Using ASTQueryTranslatorFactory
[INFO] Tests run: 6, Failures: 0, Errors: 0, Skipped: 0, Time elapsed: 4.154 s - in com.example.demo.api.UserControllerTest
[INFO] Running com.example.demo.api.OrderControllerTest
2023-09-30 14:31:20.451  INFO 4476 --- [           main] .b.t.c.SpringBootTestContextBootstrapper : Neither @ContextConfiguration nor @ContextHierarchy found for test class [com.example.demo.api.OrderControllerTest], using SpringBootContextLoader
2023-09-30 14:31:20.452  INFO 4476 --- [           main] o.s.t.c.support.AbstractContextLoader    : Could not detect default resource locations for test class [com.example.demo.api.OrderControllerTest]: no resource found for suffixes {-context.xml, Context.groovy}.
2023-09-30 14:31:20.452  INFO 4476 --- [           main] t.c.s.AnnotationConfigContextLoaderUtils : Could not detect default configuration classes for test class [com.example.demo.api.OrderControllerTest]: OrderControllerTest does not declare any static, non-private, non-final, nested classes annotated with @Configuration.
2023-09-30 14:31:20.453  INFO 4476 --- [           main] .b.t.c.SpringBootTestContextBootstrapper : Found @SpringBootConfiguration com.example.demo.SareetaApplication for test class com.example.demo.api.OrderControllerTest
2023-09-30 14:31:20.455  INFO 4476 --- [           main] .b.t.c.SpringBootTestContextBootstrapper : Loaded default TestExecutionListener class names from location [META-INF/spring.factories]: [org.springframework.boot.test.mock.mockito.MockitoTestExecutionListener, org.springframework.boot.test.mock.mockito.ResetMocksTestExecutionListener, org.springframework.boot.test.autoconfigure.restdocs.RestDocsTestExecutionListener, org.springframework.boot.test.autoconfigure.web.client.MockRestServiceServerResetTestExecutionListener, org.springframework.boot.test.autoconfigure.web.servlet.MockMvcPrintOnlyOnFailureTestExecutionListener, org.springframework.boot.test.autoconfigure.web.servlet.WebDriverTestExecutionListener, org.springframework.test.context.web.ServletTestExecutionListener, org.springframework.test.context.support.DirtiesContextBeforeModesTestExecutionListener, org.springframework.test.context.support.DependencyInjectionTestExecutionListener, org.springframework.test.context.support.DirtiesContextTestExecutionListener, org.springframework.test.context.transaction.TransactionalTestExecutionListener, org.springframework.test.context.jdbc.SqlScriptsTestExecutionListener]
2023-09-30 14:31:20.455  INFO 4476 --- [           main] .b.t.c.SpringBootTestContextBootstrapper : Using TestExecutionListeners: [org.springframework.test.context.web.ServletTestExecutionListener@3a72517e, org.springframework.test.context.support.DirtiesContextBeforeModesTestExecutionListener@77a14911, org.springframework.boot.test.mock.mockito.MockitoTestExecutionListener@541c76fd, org.springframework.boot.test.autoconfigure.SpringBootDependencyInjectionTestExecutionListener@1142843c, org.springframework.test.context.support.DirtiesContextTestExecutionListener@3993cecb, org.springframework.test.context.transaction.TransactionalTestExecutionListener@4407f129, org.springframework.test.context.jdbc.SqlScriptsTestExecutionListener@731bdcca, org.springframework.boot.test.mock.mockito.ResetMocksTestExecutionListener@76fdd5f1, org.springframework.boot.test.autoconfigure.restdocs.RestDocsTestExecutionListener@513fb873, org.springframework.boot.test.autoconfigure.web.client.MockRestServiceServerResetTestExecutionListener@2a4a95c4, org.springframework.boot.test.autoconfigure.web.servlet.MockMvcPrintOnlyOnFailureTestExecutionListener@71ae1cb, org.springframework.boot.test.autoconfigure.web.servlet.WebDriverTestExecutionListener@1f50fe84]
[INFO] Tests run: 4, Failures: 0, Errors: 0, Skipped: 0, Time elapsed: 0.929 s - in com.example.demo.api.OrderControllerTest
[INFO] Running com.example.demo.api.CartControllerTest
2023-09-30 14:31:21.399  INFO 4476 --- [           main] .b.t.c.SpringBootTestContextBootstrapper : Neither @ContextConfiguration nor @ContextHierarchy found for test class [com.example.demo.api.CartControllerTest], using SpringBootContextLoader
2023-09-30 14:31:21.400  INFO 4476 --- [           main] o.s.t.c.support.AbstractContextLoader    : Could not detect default resource locations for test class [com.example.demo.api.CartControllerTest]: no resource found for suffixes {-context.xml, Context.groovy}.
2023-09-30 14:31:21.400  INFO 4476 --- [           main] t.c.s.AnnotationConfigContextLoaderUtils : Could not detect default configuration classes for test class [com.example.demo.api.CartControllerTest]: CartControllerTest does not declare any static, non-private, non-final, nested classes annotated with @Configuration.
2023-09-30 14:31:21.401  INFO 4476 --- [           main] .b.t.c.SpringBootTestContextBootstrapper : Found @SpringBootConfiguration com.example.demo.SareetaApplication for test class com.example.demo.api.CartControllerTest
2023-09-30 14:31:21.401  INFO 4476 --- [           main] .b.t.c.SpringBootTestContextBootstrapper : Loaded default TestExecutionListener class names from location [META-INF/spring.factories]: [org.springframework.boot.test.mock.mockito.MockitoTestExecutionListener, org.springframework.boot.test.mock.mockito.ResetMocksTestExecutionListener, org.springframework.boot.test.autoconfigure.restdocs.RestDocsTestExecutionListener, org.springframework.boot.test.autoconfigure.web.client.MockRestServiceServerResetTestExecutionListener, org.springframework.boot.test.autoconfigure.web.servlet.MockMvcPrintOnlyOnFailureTestExecutionListener, org.springframework.boot.test.autoconfigure.web.servlet.WebDriverTestExecutionListener, org.springframework.test.context.web.ServletTestExecutionListener, org.springframework.test.context.support.DirtiesContextBeforeModesTestExecutionListener, org.springframework.test.context.support.DependencyInjectionTestExecutionListener, org.springframework.test.context.support.DirtiesContextTestExecutionListener, org.springframework.test.context.transaction.TransactionalTestExecutionListener, org.springframework.test.context.jdbc.SqlScriptsTestExecutionListener]
2023-09-30 14:31:21.402  INFO 4476 --- [           main] .b.t.c.SpringBootTestContextBootstrapper : Using TestExecutionListeners: [org.springframework.test.context.web.ServletTestExecutionListener@25131637, org.springframework.test.context.support.DirtiesContextBeforeModesTestExecutionListener@5d7f4cbb, org.springframework.boot.test.mock.mockito.MockitoTestExecutionListener@6cf34b88, org.springframework.boot.test.autoconfigure.SpringBootDependencyInjectionTestExecutionListener@5e7fc012, org.springframework.test.context.support.DirtiesContextTestExecutionListener@63e0c744, org.springframework.test.context.transaction.TransactionalTestExecutionListener@445d4517, org.springframework.test.context.jdbc.SqlScriptsTestExecutionListener@3284f91f, org.springframework.boot.test.mock.mockito.ResetMocksTestExecutionListener@125bc00d, org.springframework.boot.test.autoconfigure.restdocs.RestDocsTestExecutionListener@77e4ffe5, org.springframework.boot.test.autoconfigure.web.client.MockRestServiceServerResetTestExecutionListener@59bf79f3, org.springframework.boot.test.autoconfigure.web.servlet.MockMvcPrintOnlyOnFailureTestExecutionListener@4c663fda, org.springframework.boot.test.autoconfigure.web.servlet.WebDriverTestExecutionListener@f1d5f3]
[INFO] Tests run: 2, Failures: 0, Errors: 0, Skipped: 0, Time elapsed: 0.487 s - in com.example.demo.api.CartControllerTest
[INFO] Running com.example.demo.api.ItemControllerTest
2023-09-30 14:31:21.905  INFO 4476 --- [           main] .b.t.c.SpringBootTestContextBootstrapper : Neither @ContextConfiguration nor @ContextHierarchy found for test class [com.example.demo.api.ItemControllerTest], using SpringBootContextLoader
2023-09-30 14:31:21.905  INFO 4476 --- [           main] o.s.t.c.support.AbstractContextLoader    : Could not detect default resource locations for test class [com.example.demo.api.ItemControllerTest]: no resource found for suffixes {-context.xml, Context.groovy}.
2023-09-30 14:31:21.905  INFO 4476 --- [           main] t.c.s.AnnotationConfigContextLoaderUtils : Could not detect default configuration classes for test class [com.example.demo.api.ItemControllerTest]: ItemControllerTest does not declare any static, non-private, non-final, nested classes annotated with @Configuration.
2023-09-30 14:31:21.906  INFO 4476 --- [           main] .b.t.c.SpringBootTestContextBootstrapper : Found @SpringBootConfiguration com.example.demo.SareetaApplication for test class com.example.demo.api.ItemControllerTest
2023-09-30 14:31:21.907  INFO 4476 --- [           main] .b.t.c.SpringBootTestContextBootstrapper : Loaded default TestExecutionListener class names from location [META-INF/spring.factories]: [org.springframework.boot.test.mock.mockito.MockitoTestExecutionListener, org.springframework.boot.test.mock.mockito.ResetMocksTestExecutionListener, org.springframework.boot.test.autoconfigure.restdocs.RestDocsTestExecutionListener, org.springframework.boot.test.autoconfigure.web.client.MockRestServiceServerResetTestExecutionListener, org.springframework.boot.test.autoconfigure.web.servlet.MockMvcPrintOnlyOnFailureTestExecutionListener, org.springframework.boot.test.autoconfigure.web.servlet.WebDriverTestExecutionListener, org.springframework.test.context.web.ServletTestExecutionListener, org.springframework.test.context.support.DirtiesContextBeforeModesTestExecutionListener, org.springframework.test.context.support.DependencyInjectionTestExecutionListener, org.springframework.test.context.support.DirtiesContextTestExecutionListener, org.springframework.test.context.transaction.TransactionalTestExecutionListener, org.springframework.test.context.jdbc.SqlScriptsTestExecutionListener]
2023-09-30 14:31:21.914  INFO 4476 --- [           main] .b.t.c.SpringBootTestContextBootstrapper : Using TestExecutionListeners: [org.springframework.test.context.web.ServletTestExecutionListener@2552cb80, org.springframework.test.context.support.DirtiesContextBeforeModesTestExecutionListener@1b3b5252, org.springframework.boot.test.mock.mockito.MockitoTestExecutionListener@adb15df, org.springframework.boot.test.autoconfigure.SpringBootDependencyInjectionTestExecutionListener@6f45be42, org.springframework.test.context.support.DirtiesContextTestExecutionListener@5c7876e1, org.springframework.test.context.transaction.TransactionalTestExecutionListener@1d9016fe, org.springframework.test.context.jdbc.SqlScriptsTestExecutionListener@4f378d7e, org.springframework.boot.test.mock.mockito.ResetMocksTestExecutionListener@dc28d74, org.springframework.boot.test.autoconfigure.restdocs.RestDocsTestExecutionListener@12922d53, org.springframework.boot.test.autoconfigure.web.client.MockRestServiceServerResetTestExecutionListener@f28ee19, org.springframework.boot.test.autoconfigure.web.servlet.MockMvcPrintOnlyOnFailureTestExecutionListener@7c07deff, org.springframework.boot.test.autoconfigure.web.servlet.WebDriverTestExecutionListener@65374526]
[INFO] Tests run: 5, Failures: 0, Errors: 0, Skipped: 0, Time elapsed: 1.107 s - in com.example.demo.api.ItemControllerTest
2023-09-30 14:31:23.048  INFO 4476 --- [       Thread-2] o.s.s.concurrent.ThreadPoolTaskExecutor  : Shutting down ExecutorService 'applicationTaskExecutor'
2023-09-30 14:31:23.049  INFO 4476 --- [       Thread-2] j.LocalContainerEntityManagerFactoryBean : Closing JPA EntityManagerFactory for persistence unit 'default'
2023-09-30 14:31:23.051  INFO 4476 --- [       Thread-5] o.s.s.concurrent.ThreadPoolTaskExecutor  : Shutting down ExecutorService 'applicationTaskExecutor'
2023-09-30 14:31:23.057  INFO 4476 --- [       Thread-2] com.zaxxer.hikari.HikariDataSource       : HikariPool-1 - Shutdown initiated...
2023-09-30 14:31:23.061  INFO 4476 --- [       Thread-5] j.LocalContainerEntityManagerFactoryBean : Closing JPA EntityManagerFactory for persistence unit 'default'
2023-09-30 14:31:23.061  INFO 4476 --- [       Thread-5] com.zaxxer.hikari.HikariDataSource       : HikariPool-2 - Shutdown initiated...
2023-09-30 14:31:23.077  INFO 4476 --- [       Thread-5] com.zaxxer.hikari.HikariDataSource       : HikariPool-2 - Shutdown completed.
2023-09-30 14:31:23.085  INFO 4476 --- [       Thread-2] com.zaxxer.hikari.HikariDataSource       : HikariPool-1 - Shutdown completed.
[INFO] 
[INFO] Results:
[INFO] 
[INFO] Tests run: 18, Failures: 0, Errors: 0, Skipped: 0
[INFO] 
[INFO] 
[INFO] --- maven-war-plugin:3.2.2:war (default-war) @ auth-course ---
[INFO] Packaging webapp
[INFO] Assembling webapp [auth-course] in [/var/jenkins_home/workspace/upj4Job/starter_code/target/auth-course-0.0.1-SNAPSHOT]
[INFO] Processing war project
[INFO] Webapp assembled in [164 msecs]
[INFO] Building war: /var/jenkins_home/workspace/upj4Job/starter_code/target/auth-course-0.0.1-SNAPSHOT.war
[INFO] ------------------------------------------------------------------------
[INFO] BUILD SUCCESS
[INFO] ------------------------------------------------------------------------
[INFO] Total time:  22.643 s
[INFO] Finished at: 2023-09-30T14:31:25Z
[INFO] ------------------------------------------------------------------------
[DeployPublisher][INFO] Attempting to deploy 1 war file(s)
[DeployPublisher][INFO] Deploying /var/jenkins_home/workspace/upj4Job/starter_code/target/auth-course-0.0.1-SNAPSHOT.war to container Tomcat 9.x Remote with context myApp
  [/var/jenkins_home/workspace/upj4Job/starter_code/target/auth-course-0.0.1-SNAPSHOT.war] is not deployed. Doing a fresh deployment.
  Deploying [/var/jenkins_home/workspace/upj4Job/starter_code/target/auth-course-0.0.1-SNAPSHOT.war]
Finished: SUCCESS